VirtualBox XPCOM Server 4.3.10 r93012 linux.amd64 (Mar 26 2014 18:51:56) release log
00:00:00.001231 main     Log opened 2014-08-27T21:18:50.429656000Z
00:00:00.001234 main     Build Type: release
00:00:00.001240 main     OS Product: Linux
00:00:00.001242 main     OS Release: 3.13.0-35-generic
00:00:00.001243 main     OS Version: #62-Ubuntu SMP Fri Aug 15 01:58:42 UTC 2014
00:00:00.001275 main     DMI Product Name: System Product Name
00:00:00.001284 main     DMI Product Version: System Version
00:00:00.001396 main     Host RAM: 7962MB total, 4155MB available
00:00:00.001399 main     Executable: /usr/lib/virtualbox/VBoxSVC
00:00:00.001400 main     Process ID: 17366
00:00:00.001400 main     Package type: LINUX_64BITS_UBUNTU_13_04
00:00:00.135293 nspr-2   Loading settings file "/home/phutchins/.config/VirtualBox/VirtualBox.xml" with version "1.12-linux"
00:00:00.171300 nspr-2   HostDnsMonitorProxy: Host's DNS information updated:
00:00:00.171319 nspr-2   DNS server 1: 8.8.8.8
00:00:00.171325 nspr-2   DNS server 2: 8.8.4.4
00:00:00.176373 nspr-2   VDInit finished
00:00:00.221081 nspr-2   Loading settings file "/home/phutchins/VirtualBox VMs/Windows 7/Windows 7.vbox" with version "1.14-linux"
00:00:00.672068 nspr-3   WARNING [COM]: aRC=NS_ERROR_FAILURE (0x80004005) aIID={93269330-48ca-4096-b4a2-1189df336267} aComponent={Host} aText={VirtualBox is not currently allowed to access USB devices.  You can change this by adding your user to the 'vboxusers' group.  Please see the user manual for a more detailed explanation}, preserve=true 
00:00:00.937629 nspr-2   WARNING [COM]: aRC=NS_ERROR_FAILURE (0x80004005) aIID={93269330-48ca-4096-b4a2-1189df336267} aComponent={Host} aText={VirtualBox is not currently allowed to access USB devices.  You can change this by adding your user to the 'vboxusers' group.  Please see the user manual for a more detailed explanation}, preserve=true 
00:00:00.938126 nspr-4   WARNING [COM]: aRC=NS_ERROR_FAILURE (0x80004005) aIID={93269330-48ca-4096-b4a2-1189df336267} aComponent={Host} aText={VirtualBox is not currently allowed to access USB devices.  You can change this by adding your user to the 'vboxusers' group.  Please see the user manual for a more detailed explanation}, preserve=true 
00:00:27.091721 nspr-4   ERROR [COM]: aRC=VBOX_E_INVALID_VM_STATE (0x80bb0002) aIID={480cf695-2d8d-4256-9c7c-cce4184fa048} aComponent={Machine} aText={Machine is not locked for session (session state: Unlocked)}, preserve=false
00:00:27.141569 nspr-4   WARNING [COM]: aRC=NS_ERROR_FAILURE (0x80004005) aIID={93269330-48ca-4096-b4a2-1189df336267} aComponent={Host} aText={VirtualBox is not currently allowed to access USB devices.  You can change this by adding your user to the 'vboxusers' group.  Please see the user manual for a more detailed explanation}, preserve=true 
00:00:27.142111 nspr-2   WARNING [COM]: aRC=NS_ERROR_FAILURE (0x80004005) aIID={93269330-48ca-4096-b4a2-1189df336267} aComponent={Host} aText={VirtualBox is not currently allowed to access USB devices.  You can change this by adding your user to the 'vboxusers' group.  Please see the user manual for a more detailed explanation}, preserve=true 
00:00:27.294459 nspr-2   WARNING [COM]: aRC=NS_ERROR_FAILURE (0x80004005) aIID={93269330-48ca-4096-b4a2-1189df336267} aComponent={Host} aText={VirtualBox is not currently allowed to access USB devices.  You can change this by adding your user to the 'vboxusers' group.  Please see the user manual for a more detailed explanation}, preserve=true 
00:00:27.295026 nspr-3   WARNING [COM]: aRC=NS_ERROR_FAILURE (0x80004005) aIID={93269330-48ca-4096-b4a2-1189df336267} aComponent={Host} aText={VirtualBox is not currently allowed to access USB devices.  You can change this by adding your user to the 'vboxusers' group.  Please see the user manual for a more detailed explanation}, preserve=true 
00:00:27.295110 nspr-3   WARNING [COM]: aRC=NS_ERROR_FAILURE (0x80004005) aIID={93269330-48ca-4096-b4a2-1189df336267} aComponent={Host} aText={VirtualBox is not currently allowed to access USB devices.  You can change this by adding your user to the 'vboxusers' group.  Please see the user manual for a more detailed explanation}, preserve=true 
00:00:27.331947 nspr-4   WARNING [COM]: aRC=NS_ERROR_FAILURE (0x80004005) aIID={93269330-48ca-4096-b4a2-1189df336267} aComponent={Host} aText={VirtualBox is not currently allowed to access USB devices.  You can change this by adding your user to the 'vboxusers' group.  Please see the user manual for a more detailed explanation}, preserve=true 
00:00:27.332410 nspr-4   ERROR [COM]: aRC=VBOX_E_OBJECT_NOT_FOUND (0x80bb0001) aIID={3295e6ce-b051-47b2-9514-2c588bfe7554} aComponent={ExtPackManager} aText={No extension pack by the name 'Oracle VM VirtualBox Extension Pack' was found}, preserve=false
00:00:28.100117 nspr-2   WARNING [COM]: aRC=NS_ERROR_FAILURE (0x80004005) aIID={93269330-48ca-4096-b4a2-1189df336267} aComponent={Host} aText={VirtualBox is not currently allowed to access USB devices.  You can change this by adding your user to the 'vboxusers' group.  Please see the user manual for a more detailed explanation}, preserve=true 
00:00:28.106915 nspr-4   WARNING [COM]: aRC=NS_ERROR_FAILURE (0x80004005) aIID={93269330-48ca-4096-b4a2-1189df336267} aComponent={Host} aText={VirtualBox is not currently allowed to access USB devices.  You can change this by adding your user to the 'vboxusers' group.  Please see the user manual for a more detailed explanation}, preserve=true 
00:00:28.122501 nspr-3   WARNING [COM]: aRC=NS_ERROR_FAILURE (0x80004005) aIID={93269330-48ca-4096-b4a2-1189df336267} aComponent={Host} aText={VirtualBox is not currently allowed to access USB devices.  You can change this by adding your user to the 'vboxusers' group.  Please see the user manual for a more detailed explanation}, preserve=true 
00:00:28.124935 nspr-4   WARNING [COM]: aRC=NS_ERROR_FAILURE (0x80004005) aIID={93269330-48ca-4096-b4a2-1189df336267} aComponent={Host} aText={VirtualBox is not currently allowed to access USB devices.  You can change this by adding your user to the 'vboxusers' group.  Please see the user manual for a more detailed explanation}, preserve=true 
00:00:28.125418 nspr-4   ERROR [COM]: aRC=VBOX_E_OBJECT_NOT_FOUND (0x80bb0001) aIID={3295e6ce-b051-47b2-9514-2c588bfe7554} aComponent={ExtPackManager} aText={No extension pack by the name 'Oracle VM VirtualBox Extension Pack' was found}, preserve=false
00:00:28.130273 nspr-2   WARNING [COM]: aRC=NS_ERROR_FAILURE (0x80004005) aIID={93269330-48ca-4096-b4a2-1189df336267} aComponent={Host} aText={VirtualBox is not currently allowed to access USB devices.  You can change this by adding your user to the 'vboxusers' group.  Please see the user manual for a more detailed explanation}, preserve=true 
00:00:28.143137 nspr-3   WARNING [COM]: aRC=NS_ERROR_FAILURE (0x80004005) aIID={93269330-48ca-4096-b4a2-1189df336267} aComponent={Host} aText={VirtualBox is not currently allowed to access USB devices.  You can change this by adding your user to the 'vboxusers' group.  Please see the user manual for a more detailed explanation}, preserve=true 
00:00:28.241412 nspr-4   WARNING [COM]: aRC=NS_ERROR_FAILURE (0x80004005) aIID={93269330-48ca-4096-b4a2-1189df336267} aComponent={Host} aText={VirtualBox is not currently allowed to access USB devices.  You can change this by adding your user to the 'vboxusers' group.  Please see the user manual for a more detailed explanation}, preserve=true 
00:00:28.241885 nspr-3   WARNING [COM]: aRC=NS_ERROR_FAILURE (0x80004005) aIID={93269330-48ca-4096-b4a2-1189df336267} aComponent={Host} aText={VirtualBox is not currently allowed to access USB devices.  You can change this by adding your user to the 'vboxusers' group.  Please see the user manual for a more detailed explanation}, preserve=true 
00:00:28.334119 nspr-4   WARNING [COM]: aRC=NS_ERROR_FAILURE (0x80004005) aIID={93269330-48ca-4096-b4a2-1189df336267} aComponent={Host} aText={VirtualBox is not currently allowed to access USB devices.  You can change this by adding your user to the 'vboxusers' group.  Please see the user manual for a more detailed explanation}, preserve=true 
00:00:34.907221 nspr-3   WARNING [COM]: aRC=NS_ERROR_FAILURE (0x80004005) aIID={93269330-48ca-4096-b4a2-1189df336267} aComponent={Host} aText={VirtualBox is not currently allowed to access USB devices.  You can change this by adding your user to the 'vboxusers' group.  Please see the user manual for a more detailed explanation}, preserve=true 
00:00:34.907744 nspr-4   WARNING [COM]: aRC=NS_ERROR_FAILURE (0x80004005) aIID={93269330-48ca-4096-b4a2-1189df336267} aComponent={Host} aText={VirtualBox is not currently allowed to access USB devices.  You can change this by adding your user to the 'vboxusers' group.  Please see the user manual for a more detailed explanation}, preserve=true 
